<?xml version="1.0" encoding="UTF-8"?>
<!-- Generated by org.testng.reporters.JUnitXMLReporter -->
<testsuite ignored="0" hostname="MAA12-CXFJQRP9R" failures="0" tests="3" name="Default test" time="3.761" errors="0" timestamp="2026-02-03T22:49:35 IST">
  <testcase classname="api.test.LocalProductTests2" name="TestPostUser" time="3.259"/>
  <testcase classname="api.test.LocalProductTests2" name="TestGetAllUser" time="0.077"/>
  <testcase classname="api.test.LocalProductTests2" name="TestDeleteUser" time="0.092"/>
</testsuite> <!-- Default test -->
