<?xml version="1.0" encoding="UTF-8"?>
<testng-results ignored="0" total="1" passed="1" failed="0" skipped="0">
  <reporter-output>
  </reporter-output>
  <suite started-at="2026-01-30T22:06:41 IST" name="Default suite" finished-at="2026-01-30T22:06:43 IST" duration-ms="1931">
    <groups>
    </groups>
    <test started-at="2026-01-30T22:06:41 IST" name="Default test" finished-at="2026-01-30T22:06:43 IST" duration-ms="1931">
      <class name="api.test.LocalProductTests">
        <test-method is-config="true" signature="SetupData()[pri:0, instance:api.test.LocalProductTests@6f36c2f0]" started-at="2026-01-30T22:06:41 IST" name="SetupData" finished-at="2026-01-30T22:06:41 IST" duration-ms="158" status="PASS">
          <reporter-output>
          </reporter-output>
        </test-method> <!-- SetupData -->
        <test-method signature="TestGetAllUser()[pri:2, instance:api.test.LocalProductTests@6f36c2f0]" started-at="2026-01-30T22:06:41 IST" name="TestGetAllUser" finished-at="2026-01-30T22:06:43 IST" duration-ms="1647" status="PASS">
          <reporter-output>
          </reporter-output>
        </test-method> <!-- TestGetAllUser -->
      </class> <!-- api.test.LocalProductTests -->
    </test> <!-- Default test -->
  </suite> <!-- Default suite -->
</testng-results>
