<?xml version="1.0" encoding="UTF-8"?>
<!-- Generated by org.testng.reporters.JUnitReportReporter -->
<testsuite hostname="MAA12-CXFJQRP9R" failures="0" tests="3" name="api.test.LocalProductTests2" time="3.428" errors="0" timestamp="2026-02-03T22:49:35 IST" skipped="0">
  <testcase classname="api.test.LocalProductTests2" name="TestPostUser" time="3.259"/>
  <testcase classname="api.test.LocalProductTests2" name="TestGetAllUser" time="0.077"/>
  <testcase classname="api.test.LocalProductTests2" name="TestDeleteUser" time="0.092"/>
</testsuite> <!-- api.test.LocalProductTests2 -->
